  AudioManager.cpp
  BulletsPool.cpp
  BulletsSystem.cpp
  Collisions.cpp
  CollisionSystem.cpp
  DefFactory.cpp
  Entity.cpp
  FightersSystem.cpp
  Font.cpp
  FontsManager.cpp
  GameCtrlSystem.cpp
  InputHandler.cpp
  jute.cpp
  main.cpp
  Manager.cpp
  Networking.cpp
  NetworkingSystem.cpp
C:\Users\andre\OneDrive\Escritorio\UCM\TPV2\SDLProject\TPV2\Networking.cpp(21,8): warning C4018:  '<': no coinciden signed/unsigned
C:\Users\andre\OneDrive\Escritorio\UCM\TPV2\SDLProject\TPV2\ObjectFactory.h(38,3): warning C4018:  '<': no coinciden signed/unsigned
C:\Users\andre\OneDrive\Escritorio\UCM\TPV2\SDLProject\TPV2\ObjectFactory.h(36): message :  al compilar la función del miembro clase plantilla "void ObjectFactory<T,std::allocator<T>>::destroy(T *)"
C:\Users\andre\OneDrive\Escritorio\UCM\TPV2\SDLProject\TPV2\ObjectFactory.h(36): message :         with
C:\Users\andre\OneDrive\Escritorio\UCM\TPV2\SDLProject\TPV2\ObjectFactory.h(36): message :         [
C:\Users\andre\OneDrive\Escritorio\UCM\TPV2\SDLProject\TPV2\ObjectFactory.h(36): message :             T=msg::ClientDisconnectedMsg
C:\Users\andre\OneDrive\Escritorio\UCM\TPV2\SDLProject\TPV2\ObjectFactory.h(36): message :         ]
C:\Users\andre\OneDrive\Escritorio\UCM\TPV2\SDLProject\TPV2\OFFacotry.h(27): message :  vea la referencia a la creación de instancias de plantilla de función "void ObjectFactory<T,std::allocator<T>>::destroy(T *)" que se está compilando
C:\Users\andre\OneDrive\Escritorio\UCM\TPV2\SDLProject\TPV2\OFFacotry.h(27): message :         with
C:\Users\andre\OneDrive\Escritorio\UCM\TPV2\SDLProject\TPV2\OFFacotry.h(27): message :         [
C:\Users\andre\OneDrive\Escritorio\UCM\TPV2\SDLProject\TPV2\OFFacotry.h(27): message :             T=msg::ClientDisconnectedMsg
C:\Users\andre\OneDrive\Escritorio\UCM\TPV2\SDLProject\TPV2\OFFacotry.h(27): message :         ]
C:\Users\andre\OneDrive\Escritorio\UCM\TPV2\SDLProject\TPV2\OFFacotry.h(38): message :  vea la referencia a la creación de instancias de clase plantilla "ObjectFactory<T,std::allocator<T>>" que se está compilando
C:\Users\andre\OneDrive\Escritorio\UCM\TPV2\SDLProject\TPV2\OFFacotry.h(38): message :         with
C:\Users\andre\OneDrive\Escritorio\UCM\TPV2\SDLProject\TPV2\OFFacotry.h(38): message :         [
C:\Users\andre\OneDrive\Escritorio\UCM\TPV2\SDLProject\TPV2\OFFacotry.h(38): message :             T=msg::ClientDisconnectedMsg
C:\Users\andre\OneDrive\Escritorio\UCM\TPV2\SDLProject\TPV2\OFFacotry.h(38): message :         ]
C:\Users\andre\OneDrive\Escritorio\UCM\TPV2\SDLProject\TPV2\Manager.h(106): message :  vea la referencia a la creación de instancias de clase plantilla "OFFacotry<T>" que se está compilando
C:\Users\andre\OneDrive\Escritorio\UCM\TPV2\SDLProject\TPV2\Manager.h(106): message :         with
C:\Users\andre\OneDrive\Escritorio\UCM\TPV2\SDLProject\TPV2\Manager.h(106): message :         [
C:\Users\andre\OneDrive\Escritorio\UCM\TPV2\SDLProject\TPV2\Manager.h(106): message :             T=msg::ClientDisconnectedMsg
C:\Users\andre\OneDrive\Escritorio\UCM\TPV2\SDLProject\TPV2\Manager.h(106): message :         ]
C:\Users\andre\OneDrive\Escritorio\UCM\TPV2\SDLProject\TPV2\NetworkingSystem.cpp(28): message :  vea la referencia a la creación de instancias de plantilla de función "void Manager::forwardMsg<msg::ClientDisconnectedMsg,OFFacotry<T>,uint32_t&>(uint32_t,uint32_t &)" que se está compilando
C:\Users\andre\OneDrive\Escritorio\UCM\TPV2\SDLProject\TPV2\NetworkingSystem.cpp(28): message :         with
C:\Users\andre\OneDrive\Escritorio\UCM\TPV2\SDLProject\TPV2\NetworkingSystem.cpp(28): message :         [
C:\Users\andre\OneDrive\Escritorio\UCM\TPV2\SDLProject\TPV2\NetworkingSystem.cpp(28): message :             T=msg::ClientDisconnectedMsg
C:\Users\andre\OneDrive\Escritorio\UCM\TPV2\SDLProject\TPV2\NetworkingSystem.cpp(28): message :         ]
C:\Users\andre\OneDrive\Escritorio\UCM\TPV2\SDLProject\TPV2\ObjectFactory.h(25,1): warning C4018:  '<': no coinciden signed/unsigned
C:\Users\andre\OneDrive\Escritorio\UCM\TPV2\SDLProject\TPV2\OFFacotry.h(22): message :  vea la referencia a la creación de instancias de plantilla de función "T *ObjectFactory<T,std::allocator<T>>::construct<uint32_t&>(uint32_t &)" que se está compilando
C:\Users\andre\OneDrive\Escritorio\UCM\TPV2\SDLProject\TPV2\OFFacotry.h(22): message :         with
C:\Users\andre\OneDrive\Escritorio\UCM\TPV2\SDLProject\TPV2\OFFacotry.h(22): message :         [
C:\Users\andre\OneDrive\Escritorio\UCM\TPV2\SDLProject\TPV2\OFFacotry.h(22): message :             T=msg::ClientDisconnectedMsg
C:\Users\andre\OneDrive\Escritorio\UCM\TPV2\SDLProject\TPV2\OFFacotry.h(22): message :         ]
C:\Users\andre\OneDrive\Escritorio\UCM\TPV2\SDLProject\TPV2\OFFacotry.h(23): message :  vea la referencia a la creación de instancias de plantilla de función "T *ObjectFactory<T,std::allocator<T>>::construct<uint32_t&>(uint32_t &)" que se está compilando
C:\Users\andre\OneDrive\Escritorio\UCM\TPV2\SDLProject\TPV2\OFFacotry.h(23): message :         with
C:\Users\andre\OneDrive\Escritorio\UCM\TPV2\SDLProject\TPV2\OFFacotry.h(23): message :         [
C:\Users\andre\OneDrive\Escritorio\UCM\TPV2\SDLProject\TPV2\OFFacotry.h(23): message :             T=msg::ClientDisconnectedMsg
C:\Users\andre\OneDrive\Escritorio\UCM\TPV2\SDLProject\TPV2\OFFacotry.h(23): message :         ]
C:\Users\andre\OneDrive\Escritorio\UCM\TPV2\SDLProject\TPV2\OFFacotry.h(13): message :  vea la referencia a la creación de instancias de plantilla de función "T *OFFacotry<T>::construct_<uint32_t&>(uint32_t &)" que se está compilando
C:\Users\andre\OneDrive\Escritorio\UCM\TPV2\SDLProject\TPV2\OFFacotry.h(13): message :         with
C:\Users\andre\OneDrive\Escritorio\UCM\TPV2\SDLProject\TPV2\OFFacotry.h(13): message :         [
C:\Users\andre\OneDrive\Escritorio\UCM\TPV2\SDLProject\TPV2\OFFacotry.h(13): message :             T=msg::ClientDisconnectedMsg
C:\Users\andre\OneDrive\Escritorio\UCM\TPV2\SDLProject\TPV2\OFFacotry.h(13): message :         ]
C:\Users\andre\OneDrive\Escritorio\UCM\TPV2\SDLProject\TPV2\OFFacotry.h(14): message :  vea la referencia a la creación de instancias de plantilla de función "T *OFFacotry<T>::construct_<uint32_t&>(uint32_t &)" que se está compilando
C:\Users\andre\OneDrive\Escritorio\UCM\TPV2\SDLProject\TPV2\OFFacotry.h(14): message :         with
C:\Users\andre\OneDrive\Escritorio\UCM\TPV2\SDLProject\TPV2\OFFacotry.h(14): message :         [
C:\Users\andre\OneDrive\Escritorio\UCM\TPV2\SDLProject\TPV2\OFFacotry.h(14): message :             T=msg::ClientDisconnectedMsg
C:\Users\andre\OneDrive\Escritorio\UCM\TPV2\SDLProject\TPV2\OFFacotry.h(14): message :         ]
C:\Users\andre\OneDrive\Escritorio\UCM\TPV2\SDLProject\TPV2\Manager.h(106): message :  vea la referencia a la creación de instancias de plantilla de función "T *OFFacotry<T>::construct<uint32_t&>(uint32_t &)" que se está compilando
C:\Users\andre\OneDrive\Escritorio\UCM\TPV2\SDLProject\TPV2\Manager.h(106): message :         with
C:\Users\andre\OneDrive\Escritorio\UCM\TPV2\SDLProject\TPV2\Manager.h(106): message :         [
C:\Users\andre\OneDrive\Escritorio\UCM\TPV2\SDLProject\TPV2\Manager.h(106): message :             T=msg::ClientDisconnectedMsg
C:\Users\andre\OneDrive\Escritorio\UCM\TPV2\SDLProject\TPV2\Manager.h(106): message :         ]
  ObjectFactory.cpp
  ObjectPool.cpp
  OFFacotry.cpp
  Generando código...
  Compilando...
  RandomNumberGenerator.cpp
  RenderSystem.cpp
  Resources.cpp
  SDLAudioManager.cpp
  SDLFontsManager.cpp
  SDLGame.cpp
  SDLTexturesManager.cpp
  sdl_macros.cpp
  Singleton.cpp
  SRandBasedGenerator.cpp
C:\Users\andre\OneDrive\Escritorio\UCM\TPV2\SDLProject\TPV2\Manager.h(107): message :  vea la referencia a la creación de instancias de plantilla de función "T *OFFacotry<T>::construct<uint32_t&>(uint32_t &)" que se está compilando
C:\Users\andre\OneDrive\Escritorio\UCM\TPV2\SDLProject\TPV2\Manager.h(107): message :         with
C:\Users\andre\OneDrive\Escritorio\UCM\TPV2\SDLProject\TPV2\Manager.h(107): message :         [
C:\Users\andre\OneDrive\Escritorio\UCM\TPV2\SDLProject\TPV2\Manager.h(107): message :             T=msg::ClientDisconnectedMsg
C:\Users\andre\OneDrive\Escritorio\UCM\TPV2\SDLProject\TPV2\Manager.h(107): message :         ]
  StarWars.cpp
  System.cpp
  Texture.cpp
  TexturesManager.cpp
  Transform.cpp
  Vector2D.cpp
  Generando código...
C:\Users\andre\OneDrive\Escritorio\UCM\TPV2\SDLProject\TPV2\SRandBasedGenerator.cpp(11,8): warning C4244:  'inicializando': conversión de 'time_t' a 'unsigned int'; posible pérdida de datos
     Creando biblioteca C:\Users\andre\OneDrive\Escritorio\UCM\TPV2\SDLProject\bin\TPV2Debug.lib y objeto C:\Users\andre\OneDrive\Escritorio\UCM\TPV2\SDLProject\bin\TPV2Debug.exp
  TPV2.vcxproj -> C:\Users\andre\OneDrive\Escritorio\UCM\TPV2\SDLProject\bin\TPV2Debug.exe
