  AsteroidPool.cpp
C:\Users\andre\OneDrive\Escritorio\UCM\TPV2\SDLProject\TPV2\Singleton.h(36): error C3861:  'assert': no se encontró el identificador
C:\Users\andre\OneDrive\Escritorio\UCM\TPV2\SDLProject\TPV2\Singleton.h(36): message :  "assert": la función no se declaró en el contexto de definición de plantilla y solo puede encontrarse mediante la búsqueda dependiente de argumentos en el contexto de creación de instancias
C:\Users\andre\OneDrive\Escritorio\UCM\TPV2\SDLProject\TPV2\Singleton.h(56): message :  vea la referencia a la creación de instancias de plantilla de función "T *Singleton<T>::init<>(void)" que se está compilando
C:\Users\andre\OneDrive\Escritorio\UCM\TPV2\SDLProject\TPV2\Singleton.h(56): message :         with
C:\Users\andre\OneDrive\Escritorio\UCM\TPV2\SDLProject\TPV2\Singleton.h(56): message :         [
C:\Users\andre\OneDrive\Escritorio\UCM\TPV2\SDLProject\TPV2\Singleton.h(56): message :             T=AsteroidPool
C:\Users\andre\OneDrive\Escritorio\UCM\TPV2\SDLProject\TPV2\Singleton.h(56): message :         ]
C:\Users\andre\OneDrive\Escritorio\UCM\TPV2\SDLProject\TPV2\Singleton.h(56): message :  vea la referencia a la creación de instancias de plantilla de función "T *Singleton<T>::init<>(void)" que se está compilando
C:\Users\andre\OneDrive\Escritorio\UCM\TPV2\SDLProject\TPV2\Singleton.h(56): message :         with
C:\Users\andre\OneDrive\Escritorio\UCM\TPV2\SDLProject\TPV2\Singleton.h(56): message :         [
C:\Users\andre\OneDrive\Escritorio\UCM\TPV2\SDLProject\TPV2\Singleton.h(56): message :             T=AsteroidPool
C:\Users\andre\OneDrive\Escritorio\UCM\TPV2\SDLProject\TPV2\Singleton.h(56): message :         ]
C:\Users\andre\OneDrive\Escritorio\UCM\TPV2\SDLProject\TPV2\Singleton.h(51): message :  al compilar la función del miembro clase plantilla "T *Singleton<T>::instance(void)"
C:\Users\andre\OneDrive\Escritorio\UCM\TPV2\SDLProject\TPV2\Singleton.h(51): message :         with
C:\Users\andre\OneDrive\Escritorio\UCM\TPV2\SDLProject\TPV2\Singleton.h(51): message :         [
C:\Users\andre\OneDrive\Escritorio\UCM\TPV2\SDLProject\TPV2\Singleton.h(51): message :             T=AsteroidPool
C:\Users\andre\OneDrive\Escritorio\UCM\TPV2\SDLProject\TPV2\Singleton.h(51): message :         ]
C:\Users\andre\OneDrive\Escritorio\UCM\TPV2\SDLProject\TPV2\AsteroidPool.h(22): message :  vea la referencia a la creación de instancias de plantilla de función "T *Singleton<T>::instance(void)" que se está compilando
C:\Users\andre\OneDrive\Escritorio\UCM\TPV2\SDLProject\TPV2\AsteroidPool.h(22): message :         with
C:\Users\andre\OneDrive\Escritorio\UCM\TPV2\SDLProject\TPV2\AsteroidPool.h(22): message :         [
C:\Users\andre\OneDrive\Escritorio\UCM\TPV2\SDLProject\TPV2\AsteroidPool.h(22): message :             T=AsteroidPool
C:\Users\andre\OneDrive\Escritorio\UCM\TPV2\SDLProject\TPV2\AsteroidPool.h(22): message :         ]
  AsteroidSystem.cpp
C:\Users\andre\OneDrive\Escritorio\UCM\TPV2\SDLProject\TPV2\AsteroidPool.h(10): message :  vea la referencia a la creación de instancias de clase plantilla "Singleton<AsteroidPool>" que se está compilando
C:\Users\andre\OneDrive\Escritorio\UCM\TPV2\SDLProject\TPV2\Singleton.h(36): error C3861:  'assert': no se encontró el identificador
C:\Users\andre\OneDrive\Escritorio\UCM\TPV2\SDLProject\TPV2\Singleton.h(36): message :  "assert": la función no se declaró en el contexto de definición de plantilla y solo puede encontrarse mediante la búsqueda dependiente de argumentos en el contexto de creación de instancias
C:\Users\andre\OneDrive\Escritorio\UCM\TPV2\SDLProject\TPV2\Singleton.h(56): message :  vea la referencia a la creación de instancias de plantilla de función "T *Singleton<T>::init<>(void)" que se está compilando
C:\Users\andre\OneDrive\Escritorio\UCM\TPV2\SDLProject\TPV2\Singleton.h(56): message :         with
C:\Users\andre\OneDrive\Escritorio\UCM\TPV2\SDLProject\TPV2\Singleton.h(56): message :         [
C:\Users\andre\OneDrive\Escritorio\UCM\TPV2\SDLProject\TPV2\Singleton.h(56): message :             T=AsteroidPool
C:\Users\andre\OneDrive\Escritorio\UCM\TPV2\SDLProject\TPV2\Singleton.h(56): message :         ]
C:\Users\andre\OneDrive\Escritorio\UCM\TPV2\SDLProject\TPV2\Singleton.h(56): message :  vea la referencia a la creación de instancias de plantilla de función "T *Singleton<T>::init<>(void)" que se está compilando
C:\Users\andre\OneDrive\Escritorio\UCM\TPV2\SDLProject\TPV2\Singleton.h(56): message :         with
C:\Users\andre\OneDrive\Escritorio\UCM\TPV2\SDLProject\TPV2\Singleton.h(56): message :         [
C:\Users\andre\OneDrive\Escritorio\UCM\TPV2\SDLProject\TPV2\Singleton.h(56): message :             T=AsteroidPool
C:\Users\andre\OneDrive\Escritorio\UCM\TPV2\SDLProject\TPV2\Singleton.h(56): message :         ]
C:\Users\andre\OneDrive\Escritorio\UCM\TPV2\SDLProject\TPV2\Singleton.h(51): message :  al compilar la función del miembro clase plantilla "T *Singleton<T>::instance(void)"
C:\Users\andre\OneDrive\Escritorio\UCM\TPV2\SDLProject\TPV2\Singleton.h(51): message :         with
C:\Users\andre\OneDrive\Escritorio\UCM\TPV2\SDLProject\TPV2\Singleton.h(51): message :         [
C:\Users\andre\OneDrive\Escritorio\UCM\TPV2\SDLProject\TPV2\Singleton.h(51): message :             T=AsteroidPool
C:\Users\andre\OneDrive\Escritorio\UCM\TPV2\SDLProject\TPV2\Singleton.h(51): message :         ]
C:\Users\andre\OneDrive\Escritorio\UCM\TPV2\SDLProject\TPV2\AsteroidPool.h(22): message :  vea la referencia a la creación de instancias de plantilla de función "T *Singleton<T>::instance(void)" que se está compilando
C:\Users\andre\OneDrive\Escritorio\UCM\TPV2\SDLProject\TPV2\AsteroidPool.h(22): message :         with
C:\Users\andre\OneDrive\Escritorio\UCM\TPV2\SDLProject\TPV2\AsteroidPool.h(22): message :         [
C:\Users\andre\OneDrive\Escritorio\UCM\TPV2\SDLProject\TPV2\AsteroidPool.h(22): message :             T=AsteroidPool
C:\Users\andre\OneDrive\Escritorio\UCM\TPV2\SDLProject\TPV2\AsteroidPool.h(22): message :         ]
  CollisionSystem.cpp
  FighterSystem.cpp
C:\Users\andre\OneDrive\Escritorio\UCM\TPV2\SDLProject\TPV2\AsteroidPool.h(10): message :  vea la referencia a la creación de instancias de clase plantilla "Singleton<AsteroidPool>" que se está compilando
C:\Users\andre\OneDrive\Escritorio\UCM\TPV2\SDLProject\TPV2\Singleton.h(36): error C3861:  'assert': no se encontró el identificador
C:\Users\andre\OneDrive\Escritorio\UCM\TPV2\SDLProject\TPV2\Singleton.h(36): message :  "assert": la función no se declaró en el contexto de definición de plantilla y solo puede encontrarse mediante la búsqueda dependiente de argumentos en el contexto de creación de instancias
C:\Users\andre\OneDrive\Escritorio\UCM\TPV2\SDLProject\TPV2\Singleton.h(56): message :  vea la referencia a la creación de instancias de plantilla de función "T *Singleton<T>::init<>(void)" que se está compilando
C:\Users\andre\OneDrive\Escritorio\UCM\TPV2\SDLProject\TPV2\Singleton.h(56): message :         with
C:\Users\andre\OneDrive\Escritorio\UCM\TPV2\SDLProject\TPV2\Singleton.h(56): message :         [
C:\Users\andre\OneDrive\Escritorio\UCM\TPV2\SDLProject\TPV2\Singleton.h(56): message :             T=AsteroidPool
C:\Users\andre\OneDrive\Escritorio\UCM\TPV2\SDLProject\TPV2\Singleton.h(56): message :         ]
C:\Users\andre\OneDrive\Escritorio\UCM\TPV2\SDLProject\TPV2\Singleton.h(56): message :  vea la referencia a la creación de instancias de plantilla de función "T *Singleton<T>::init<>(void)" que se está compilando
C:\Users\andre\OneDrive\Escritorio\UCM\TPV2\SDLProject\TPV2\Singleton.h(56): message :         with
C:\Users\andre\OneDrive\Escritorio\UCM\TPV2\SDLProject\TPV2\Singleton.h(56): message :         [
C:\Users\andre\OneDrive\Escritorio\UCM\TPV2\SDLProject\TPV2\Singleton.h(56): message :             T=AsteroidPool
C:\Users\andre\OneDrive\Escritorio\UCM\TPV2\SDLProject\TPV2\Singleton.h(56): message :         ]
C:\Users\andre\OneDrive\Escritorio\UCM\TPV2\SDLProject\TPV2\Singleton.h(51): message :  al compilar la función del miembro clase plantilla "T *Singleton<T>::instance(void)"
C:\Users\andre\OneDrive\Escritorio\UCM\TPV2\SDLProject\TPV2\Singleton.h(51): message :         with
C:\Users\andre\OneDrive\Escritorio\UCM\TPV2\SDLProject\TPV2\Singleton.h(51): message :         [
C:\Users\andre\OneDrive\Escritorio\UCM\TPV2\SDLProject\TPV2\Singleton.h(51): message :             T=AsteroidPool
C:\Users\andre\OneDrive\Escritorio\UCM\TPV2\SDLProject\TPV2\Singleton.h(51): message :         ]
C:\Users\andre\OneDrive\Escritorio\UCM\TPV2\SDLProject\TPV2\AsteroidPool.h(22): message :  vea la referencia a la creación de instancias de plantilla de función "T *Singleton<T>::instance(void)" que se está compilando
C:\Users\andre\OneDrive\Escritorio\UCM\TPV2\SDLProject\TPV2\AsteroidPool.h(22): message :         with
C:\Users\andre\OneDrive\Escritorio\UCM\TPV2\SDLProject\TPV2\AsteroidPool.h(22): message :         [
C:\Users\andre\OneDrive\Escritorio\UCM\TPV2\SDLProject\TPV2\AsteroidPool.h(22): message :             T=AsteroidPool
C:\Users\andre\OneDrive\Escritorio\UCM\TPV2\SDLProject\TPV2\AsteroidPool.h(22): message :         ]
  Font.cpp
  GameCtrlSystem.cpp
  main.cpp
  OFFacotry.cpp
  PacMan.cpp
  Singleton.cpp
  StarsPool.cpp
  StarsSystem.cpp
  Vector2D.cpp
  Generando código...
C:\Users\andre\OneDrive\Escritorio\UCM\TPV2\SDLProject\TPV2\AsteroidPool.h(10): message :  vea la referencia a la creación de instancias de clase plantilla "Singleton<AsteroidPool>" que se está compilando
