u:\hlocal\proyecto sdl para visual studio-20200211\tpv2\sdlproject\tpv2\x64\debug\vc142.pdb
u:\hlocal\proyecto sdl para visual studio-20200211\tpv2\sdlproject\tpv2\x64\debug\vc142.idb
u:\hlocal\proyecto sdl para visual studio-20200211\tpv2\sdlproject\tpv2\x64\debug\rectangle.obj
u:\hlocal\proyecto sdl para visual studio-20200211\tpv2\sdlproject\tpv2\x64\debug\randomnumbergenerator.obj
u:\hlocal\proyecto sdl para visual studio-20200211\tpv2\sdlproject\tpv2\x64\debug\pingpong.obj
u:\hlocal\proyecto sdl para visual studio-20200211\tpv2\sdlproject\tpv2\x64\debug\paddlemovebehaviour.obj
u:\hlocal\proyecto sdl para visual studio-20200211\tpv2\sdlproject\tpv2\x64\debug\paddlemousectrl.obj
u:\hlocal\proyecto sdl para visual studio-20200211\tpv2\sdlproject\tpv2\x64\debug\paddlekbctrl.obj
u:\hlocal\proyecto sdl para visual studio-20200211\tpv2\sdlproject\tpv2\x64\debug\objectpool.obj
u:\hlocal\proyecto sdl para visual studio-20200211\tpv2\sdlproject\tpv2\x64\debug\manager.obj
u:\hlocal\proyecto sdl para visual studio-20200211\tpv2\sdlproject\tpv2\x64\debug\main.obj
u:\hlocal\proyecto sdl para visual studio-20200211\tpv2\sdlproject\tpv2\x64\debug\jute.obj
u:\hlocal\proyecto sdl para visual studio-20200211\tpv2\sdlproject\tpv2\x64\debug\inputhandler.obj
u:\hlocal\proyecto sdl para visual studio-20200211\tpv2\sdlproject\tpv2\x64\debug\gamelogic.obj
u:\hlocal\proyecto sdl para visual studio-20200211\tpv2\sdlproject\tpv2\x64\debug\gamectrl.obj
u:\hlocal\proyecto sdl para visual studio-20200211\tpv2\sdlproject\tpv2\x64\debug\fontsmanager.obj
u:\hlocal\proyecto sdl para visual studio-20200211\tpv2\sdlproject\tpv2\x64\debug\font.obj
u:\hlocal\proyecto sdl para visual studio-20200211\tpv2\sdlproject\tpv2\x64\debug\entity.obj
u:\hlocal\proyecto sdl para visual studio-20200211\tpv2\sdlproject\tpv2\x64\debug\component.obj
u:\hlocal\proyecto sdl para visual studio-20200211\tpv2\sdlproject\tpv2\x64\debug\collisions.obj
u:\hlocal\proyecto sdl para visual studio-20200211\tpv2\sdlproject\tpv2\x64\debug\ballmovebehaviour.obj
u:\hlocal\proyecto sdl para visual studio-20200211\tpv2\sdlproject\tpv2\x64\debug\audiomanager.obj
u:\hlocal\proyecto sdl para visual studio-20200211\tpv2\sdlproject\tpv2\x64\debug\vector2d.obj
u:\hlocal\proyecto sdl para visual studio-20200211\tpv2\sdlproject\tpv2\x64\debug\transform.obj
u:\hlocal\proyecto sdl para visual studio-20200211\tpv2\sdlproject\tpv2\x64\debug\texturesmanager.obj
u:\hlocal\proyecto sdl para visual studio-20200211\tpv2\sdlproject\tpv2\x64\debug\texture.obj
u:\hlocal\proyecto sdl para visual studio-20200211\tpv2\sdlproject\tpv2\x64\debug\srandbasedgenerator.obj
u:\hlocal\proyecto sdl para visual studio-20200211\tpv2\sdlproject\tpv2\x64\debug\simplemovebahviour.obj
u:\hlocal\proyecto sdl para visual studio-20200211\tpv2\sdlproject\tpv2\x64\debug\sdl_macros.obj
u:\hlocal\proyecto sdl para visual studio-20200211\tpv2\sdlproject\tpv2\x64\debug\sdltexturesmanager.obj
u:\hlocal\proyecto sdl para visual studio-20200211\tpv2\sdlproject\tpv2\x64\debug\sdlgame.obj
u:\hlocal\proyecto sdl para visual studio-20200211\tpv2\sdlproject\tpv2\x64\debug\sdlfontsmanager.obj
u:\hlocal\proyecto sdl para visual studio-20200211\tpv2\sdlproject\tpv2\x64\debug\sdlaudiomanager.obj
u:\hlocal\proyecto sdl para visual studio-20200211\tpv2\sdlproject\tpv2\x64\debug\scoreviewer.obj
u:\hlocal\proyecto sdl para visual studio-20200211\tpv2\sdlproject\tpv2\x64\debug\scoremanager.obj
u:\hlocal\proyecto sdl para visual studio-20200211\tpv2\sdlproject\tpv2\x64\debug\resources.obj
u:\hlocal\tpv2\sdlproject\tpv2\x64\debug\vc142.pdb
u:\hlocal\tpv2\sdlproject\tpv2\x64\debug\vc142.idb
u:\hlocal\tpv2\sdlproject\tpv2\x64\debug\jute.obj
u:\hlocal\tpv2\sdlproject\tpv2\x64\debug\inputhandler.obj
u:\hlocal\tpv2\sdlproject\tpv2\x64\debug\health.obj
u:\hlocal\tpv2\sdlproject\tpv2\x64\debug\gun.obj
u:\hlocal\tpv2\sdlproject\tpv2\x64\debug\gamelogic.obj
u:\hlocal\tpv2\sdlproject\tpv2\x64\debug\gamectrl.obj
u:\hlocal\tpv2\sdlproject\tpv2\x64\debug\fontsmanager.obj
u:\hlocal\tpv2\sdlproject\tpv2\x64\debug\font.obj
u:\hlocal\tpv2\sdlproject\tpv2\x64\debug\fighterviewer.obj
u:\hlocal\tpv2\sdlproject\tpv2\x64\debug\fightermotion.obj
u:\hlocal\tpv2\sdlproject\tpv2\x64\debug\entity.obj
u:\hlocal\tpv2\sdlproject\tpv2\x64\debug\component.obj
u:\hlocal\tpv2\sdlproject\tpv2\x64\debug\collisions.obj
u:\hlocal\tpv2\sdlproject\tpv2\x64\debug\bulletsviewer.obj
u:\hlocal\tpv2\sdlproject\tpv2\x64\debug\bulletspool.obj
u:\hlocal\tpv2\sdlproject\tpv2\x64\debug\bulletsmotion.obj
u:\hlocal\tpv2\sdlproject\tpv2\x64\debug\audiomanager.obj
u:\hlocal\tpv2\sdlproject\tpv2\x64\debug\asteroidsviewer.obj
u:\hlocal\tpv2\sdlproject\tpv2\x64\debug\asteroidsmotion.obj
u:\hlocal\tpv2\sdlproject\tpv2\x64\debug\asteroidpool.obj
u:\hlocal\tpv2\sdlproject\tpv2\x64\debug\texturesmanager.obj
u:\hlocal\tpv2\sdlproject\tpv2\x64\debug\texture.obj
u:\hlocal\tpv2\sdlproject\tpv2\x64\debug\srandbasedgenerator.obj
u:\hlocal\tpv2\sdlproject\tpv2\x64\debug\simplemovebahviour.obj
u:\hlocal\tpv2\sdlproject\tpv2\x64\debug\sdl_macros.obj
u:\hlocal\tpv2\sdlproject\tpv2\x64\debug\sdltexturesmanager.obj
u:\hlocal\tpv2\sdlproject\tpv2\x64\debug\sdlgame.obj
u:\hlocal\tpv2\sdlproject\tpv2\x64\debug\sdlfontsmanager.obj
u:\hlocal\tpv2\sdlproject\tpv2\x64\debug\sdlaudiomanager.obj
u:\hlocal\tpv2\sdlproject\tpv2\x64\debug\scoreviewer.obj
u:\hlocal\tpv2\sdlproject\tpv2\x64\debug\scoremanager.obj
u:\hlocal\tpv2\sdlproject\tpv2\x64\debug\resources.obj
u:\hlocal\tpv2\sdlproject\tpv2\x64\debug\rectangle.obj
u:\hlocal\tpv2\sdlproject\tpv2\x64\debug\randomnumbergenerator.obj
u:\hlocal\tpv2\sdlproject\tpv2\x64\debug\asteroids.obj
u:\hlocal\tpv2\sdlproject\tpv2\x64\debug\paddlemousectrl.obj
u:\hlocal\tpv2\sdlproject\tpv2\x64\debug\fighterctrl.obj
u:\hlocal\tpv2\sdlproject\tpv2\x64\debug\objectpool.obj
u:\hlocal\tpv2\sdlproject\tpv2\x64\debug\manager.obj
u:\hlocal\tpv2\sdlproject\tpv2\x64\debug\main.obj
u:\hlocal\tpv2\sdlproject\tpv2\x64\debug\velocityvectorviewer.obj
u:\hlocal\tpv2\sdlproject\tpv2\x64\debug\vector2d.obj
u:\hlocal\tpv2\sdlproject\tpv2\x64\debug\transform.obj
u:\hlocal\tpv2\sdlproject\tpv2\x64\debug\ballmovebehaviour.obj
u:\hlocal\tpv2\sdlproject\tpv2\x64\debug\paddlekbctrl.obj
u:\hlocal\tpv2\sdlproject\tpv2\x64\debug\paddlemovebehaviour.obj
u:\hlocal\tpv2\sdlproject\tpv2\x64\debug\pingpong.obj
u:\hlocal\tpv2\sdlproject\bin\tpv2debug.pdb
u:\hlocal\tpv2\sdlproject\tpv2\x64\debug\tpv2.tlog\cl.command.1.tlog
u:\hlocal\tpv2\sdlproject\tpv2\x64\debug\tpv2.tlog\cl.read.1.tlog
u:\hlocal\tpv2\sdlproject\tpv2\x64\debug\tpv2.tlog\cl.write.1.tlog
u:\hlocal\tpv2\sdlproject\tpv2\x64\debug\tpv2.tlog\link-cvtres.read.1.tlog
u:\hlocal\tpv2\sdlproject\tpv2\x64\debug\tpv2.tlog\link-cvtres.write.1.tlog
u:\hlocal\tpv2\sdlproject\tpv2\x64\debug\tpv2.tlog\link-rc.read.1.tlog
u:\hlocal\tpv2\sdlproject\tpv2\x64\debug\tpv2.tlog\link-rc.write.1.tlog
u:\hlocal\tpv2\sdlproject\tpv2\x64\debug\tpv2.tlog\link.command.1.tlog
u:\hlocal\tpv2\sdlproject\tpv2\x64\debug\tpv2.tlog\link.delete.1.tlog
u:\hlocal\tpv2\sdlproject\tpv2\x64\debug\tpv2.tlog\link.read.1.tlog
u:\hlocal\tpv2\sdlproject\tpv2\x64\debug\tpv2.tlog\link.write.1.tlog
